#
# A fatal error has been detected by the Java Runtime Environment:
#
#  Internal Error (javaClasses.cpp:129), pid=6956, tid=6360
#  fatal error: Invalid layout of preloaded class
#
# JRE version: 7.0_13-b20
# Java VM: Java HotSpot(TM) Client VM (23.7-b01 mixed mode windows-x86 )
# Failed to write core dump. Minidumps are not enabled by default on client versions of Windows
#
# If you would like to submit a bug report, please visit:
#   http://bugreport.sun.com/bugreport/crash.jsp
#

---------------  T H R E A D  ---------------

Current thread (0x0088c800):  JavaThread "Unknown thread" [_thread_in_vm, id=6360, stack(0x00c30000,0x00c80000)]

Stack: [0x00c30000,0x00c80000],  sp=0x00c7f8fc,  free space=318k
Native frames: (J=compiled Java code, j=interpreted, Vv=VM code, C=native code)
V  [jvm.dll+0x16f261]
V  [jvm.dll+0x1693d6]
V  [jvm.dll+0x2079f]
V  [jvm.dll+0x20826]
V  [jvm.dll+0x2e5bd]
V  [jvm.dll+0x2e869]
V  [jvm.dll+0x77ba1]
V  [jvm.dll+0x77f5b]
V  [jvm.dll+0x1290e1]
V  [jvm.dll+0x149b3a]
V  [jvm.dll+0xa98df]
C  [javaw.exe+0x13ca]
C  [javaw.exe+0x1e3c]
C  [javaw.exe+0xa5a1]
C  [javaw.exe+0xa62b]
C  [kernel32.dll+0x133aa]  BaseThreadInitThunk+0x12
C  [ntdll.dll+0x39ef2]  RtlInitializeExceptionChain+0x63
C  [ntdll.dll+0x39ec5]  RtlInitializeExceptionChain+0x36


---------------  P R O C E S S  ---------------

Java Threads: ( => current thread )

Other Threads:

=>0x0088c800 (exited) JavaThread "Unknown thread" [_thread_in_vm, id=6360, stack(0x00c30000,0x00c80000)]

VM state:not at safepoint (not fully initialized)

VM Mutex/Monitor currently owned by a thread: None

GC Heap History (0 events):
No events

Deoptimization events (0 events):
No events

Internal exceptions (0 events):
No events

Events (10 events):
Event: 0.010 loading class 0x00e2f4b0 done
Event: 0.010 loading class 0x00e2cde8 done
Event: 0.010 loading class 0x00e2cdc0
Event: 0.010 loading class 0x00e9a5c8
Event: 0.010 loading class 0x00e9a5c8 done
Event: 0.010 loading class 0x00e9a600
Event: 0.011 loading class 0x00e9a600 done
Event: 0.011 loading class 0x00e99e20
Event: 0.011 loading class 0x00e99e20 done
Event: 0.011 loading class 0x00e2cdc0 done


Dynamic libraries:
0x011f0000 - 0x0121f000 	C:\Program Files (x86)\Java\jdk1.7.0_13\jre\bin\javaw.exe
0x77820000 - 0x779a0000 	C:\Windows\SysWOW64\ntdll.dll
0x761b0000 - 0x762c0000 	C:\Windows\syswow64\kernel32.dll
0x762c0000 - 0x76307000 	C:\Windows\syswow64\KERNELBASE.dll
0x75b10000 - 0x75bb0000 	C:\Windows\syswow64\ADVAPI32.dll
0x75ec0000 - 0x75f6c000 	C:\Windows\syswow64\msvcrt.dll
0x75380000 - 0x75399000 	C:\Windows\SysWOW64\sechost.dll
0x76020000 - 0x76110000 	C:\Windows\syswow64\RPCRT4.dll
0x75280000 - 0x752e0000 	C:\Windows\syswow64\SspiCli.dll
0x75270000 - 0x7527c000 	C:\Windows\syswow64\CRYPTBASE.dll
0x75780000 - 0x75880000 	C:\Windows\syswow64\USER32.dll
0x75f90000 - 0x76020000 	C:\Windows\syswow64\GDI32.dll
0x755f0000 - 0x755fa000 	C:\Windows\syswow64\LPK.dll
0x77380000 - 0x7741d000 	C:\Windows\syswow64\USP10.dll
0x71610000 - 0x717ae000 	C:\Windows\WinSxS\x86_microsoft.windows.common-controls_6595b64144ccf1df_6.0.7601.17514_none_41e6975e2bd6f2b2\COMCTL32.dll
0x76fd0000 - 0x77027000 	C:\Windows\syswow64\SHLWAPI.dll
0x75600000 - 0x75660000 	C:\Windows\system32\IMM32.DLL
0x77030000 - 0x770fc000 	C:\Windows\syswow64\MSCTF.dll
0x543e0000 - 0x5449e000 	C:\Program Files (x86)\Java\jdk1.7.0_13\jre\bin\msvcr100.dll
0x54090000 - 0x543dd000 	C:\Program Files (x86)\Java\jdk1.7.0_13\jre\bin\client\jvm.dll
0x72770000 - 0x72777000 	C:\Windows\system32\WSOCK32.dll
0x75930000 - 0x75965000 	C:\Windows\syswow64\WS2_32.dll
0x75f70000 - 0x75f76000 	C:\Windows\syswow64\NSI.dll
0x71930000 - 0x71962000 	C:\Windows\system32\WINMM.dll
0x76310000 - 0x76315000 	C:\Windows\syswow64\PSAPI.DLL
0x54080000 - 0x5408c000 	C:\Program Files (x86)\Java\jdk1.7.0_13\jre\bin\verify.dll
0x54060000 - 0x54080000 	C:\Program Files (x86)\Java\jdk1.7.0_13\jre\bin\java.dll
0x54040000 - 0x54053000 	C:\Program Files (x86)\Java\jdk1.7.0_13\jre\bin\zip.dll
0x727f0000 - 0x728db000 	C:\Windows\system32\dbghelp.dll

VM Arguments:
jvm_args: -Dfile.encoding=Cp1252 -Xbootclasspath:C:\Users\shasnain\Android\android-sdk\platforms\android-17\android.jar 
java_command: org.eclipse.jdt.internal.junit.runner.RemoteTestRunner -version 3 -port 49351 -testLoaderClass org.eclipse.jdt.internal.junit4.runner.JUnit4TestLoader -loaderpluginname org.eclipse.jdt.junit4.runtime -classNames com.example.android.notepad.test.UnzipTest
Launcher Type: SUN_STANDARD

Environment Variables:
JAVA_HOME=C:\Program Files (x86)\Java\jdk1.7.0_13
PATH=C:/Program Files (x86)/Java/jre7/bin/client;C:/Program Files (x86)/Java/jre7/bin;C:/Program Files (x86)/Java/jre7/lib/i386;C:\Windows\system32;C:\Windows;C:\Windows\System32\Wbem;C:\Windows\System32\WindowsPowerShell\v1.0\;C:\Program Files\ThinkPad\Bluetooth Software\;C:\Program Files\ThinkPad\Bluetooth Software\syswow64;C:\Program Files (x86)\Common Files\Ulead Systems\MPEG;C:\SWTOOLS\ReadyApps;C:\Program Files (x86)\PharosSystems\Core;C:\Program Files (x86)\Lenovo\Access Connections\;C:\Program Files\Intel\WiFi\bin\;C:\Program Files\Common Files\Intel\WirelessCommon\;C:\PROGRA~1\TIEDUC~1\TI-83P~1\UTILS;C:\Program Files\Common Files\Autodesk Shared\;C:\Program Files (x86)\Autodesk\Backburner\;C:\Program Files\Microsoft\Web Platform Installer\;C:\Program Files (x86)\Microsoft ASP.NET\ASP.NET Web Pages\v1.0\;C:\Program Files (x86)\Windows Kits\8.0\Windows Performance Toolkit\;C:\Program Files\Microsoft SQL Server\110\Tools\Binn\;c:\Program Files (x86)\Microsoft SQL Server\100\Tools\Binn\;c:\Program Files\Microsoft SQL Server\100\Tools\Binn\;c:\Program Files\Microsoft SQL Server\100\DTS\Binn\;C:\VXIPNP\WinNT\Bin;C:\Program Files (x86)\leJOS NXJ\bin;C:\Program Files\TortoiseGit\bin\;C:\Users\shasnain\Android\android-sdk\platform-tools\;C:\Users\shasnain\Android\android-sdk\tools\;C:\Program Files (x86)\Git\cmd\;C:\Users\shasnain\cmake\cmake-2.8.10.2-win32-x86\bin\;C:\Program Files (x86)\SSH Communications Security\SSH Secure Shell;C:\Program Files\Intel\WiFi\bin\;C:\Program Files\Common Files\Intel\WirelessCommon\;C:\Users\shasnain\AppData\Local\Android\android-sdk\platform-tools\;C:\Users\shasnain\AppData\Local\Android\android-sdk\tools\;C:\Program Files (x86)\Git\cmd\;C:\Program Files (x86)\WinAnt\bin;C:\Users\shasnain\Downloads\eclipsework\eclipse;
USERNAME=shasnain
OS=Windows_NT
PROCESSOR_IDENTIFIER=Intel64 Family 6 Model 30 Stepping 5, GenuineIntel



---------------  S Y S T E M  ---------------

OS: Windows 7 , 64 bit Build 7601 Service Pack 1

CPU:total 8 (4 cores per cpu, 2 threads per core) family 6 model 30 stepping 5, cmov, cx8, fxsr, mmx, sse, sse2, sse3, ssse3, sse4.1, sse4.2, popcnt, ht, tsc, tscinvbit

Memory: 4k page, physical 4124176k(1057752k free), swap 8246492k(5124852k free)

vm_info: Java HotSpot(TM) Client VM (23.7-b01) for windows-x86 JRE (1.7.0_13-b20), built on Jan 30 2013 10:03:58 by "java_re" with unknown MS VC++:1600

time: Fri May 03 12:24:03 2013
elapsed time: 0 seconds

